<?xml version="1.0" encoding="UTF-8"?>
<testng-results skipped="0" failed="1" ignored="0" total="3" passed="2">
  <reporter-output>
  </reporter-output>
  <suite name="Suite" duration-ms="52370" started-at="2019-03-26T17:09:08Z" finished-at="2019-03-26T17:10:00Z">
    <groups>
      <group name="regression">
        <method signature="LoanVerificationTest.submitLoanRequestForm()[pri:0, instance:com.loans.tests.LoanVerificationTest@7364985f]" name="submitLoanRequestForm" class="com.loans.tests.LoanVerificationTest"/>
        <method signature="LoanVerificationTest.testCase2()[pri:0, instance:com.loans.tests.LoanVerificationTest@7364985f]" name="testCase2" class="com.loans.tests.LoanVerificationTest"/>
      </group> <!-- regression -->
      <group name="smoke">
        <method signature="LoanVerificationTest.submitLoanRequestForm()[pri:0, instance:com.loans.tests.LoanVerificationTest@7364985f]" name="submitLoanRequestForm" class="com.loans.tests.LoanVerificationTest"/>
        <method signature="LoanVerificationTest.testCase3()[pri:0, instance:com.loans.tests.LoanVerificationTest@7364985f]" name="testCase3" class="com.loans.tests.LoanVerificationTest"/>
      </group> <!-- smoke -->
    </groups>
    <test name="Test" duration-ms="52370" started-at="2019-03-26T17:09:08Z" finished-at="2019-03-26T17:10:00Z">
      <class name="com.loans.tests.LoanVerificationTest">
        <test-method status="PASS" signature="beforeTestInParent(java.lang.String)[pri:0, instance:com.loans.tests.LoanVerificationTest@7364985f]" name="beforeTestInParent" is-config="true" duration-ms="8797" started-at="2019-03-26T17:09:08Z" finished-at="2019-03-26T17:09:17Z">
          <params>
            <param index="0">
              <value>
                <![CDATA[chrome]]>
              </value>
            </param>
          </params>
          <reporter-output>
          </reporter-output>
        </test-method> <!-- beforeTestInParent -->
        <test-method status="PASS" signature="beforeGroupsInParent(java.lang.String)[pri:0, instance:com.loans.tests.LoanVerificationTest@7364985f]" name="beforeGroupsInParent" is-config="true" duration-ms="9411" started-at="2019-03-26T17:09:17Z" finished-at="2019-03-26T17:09:26Z">
          <params>
            <param index="0">
              <value>
                <![CDATA[chrome]]>
              </value>
            </param>
          </params>
          <reporter-output>
          </reporter-output>
        </test-method> <!-- beforeGroupsInParent -->
        <test-method status="PASS" signature="beforeMethodInLoanLandingPageTest()[pri:0, instance:com.loans.tests.LoanVerificationTest@7364985f]" name="beforeMethodInLoanLandingPageTest" is-config="true" duration-ms="15" started-at="2019-03-26T17:09:26Z" finished-at="2019-03-26T17:09:26Z">
          <reporter-output>
          </reporter-output>
        </test-method> <!-- beforeMethodInLoanLandingPageTest -->
        <test-method status="FAIL" signature="submitLoanRequestForm()[pri:0, instance:com.loans.tests.LoanVerificationTest@7364985f]" name="submitLoanRequestForm" duration-ms="33788" started-at="2019-03-26T17:09:26Z" finished-at="2019-03-26T17:10:00Z">
          <exception class="org.openqa.selenium.NoSuchElementException">
            <message>
              <![CDATA[Unable to locate element: {"method":"name","selector":"borrowerFirstName"}
For documentation on this error, please visit: http://seleniumhq.org/exceptions/no_such_element.html
Build info: version: '2.46.0', revision: '87c69e2', time: '2015-06-04 16:16:47'
System info: host: 'mac-207-254-12-163.browserstack.com', ip: '207.254.12.163', os.name: 'Mac OS X', os.arch: 'x86_64', os.version: '10.12.6', java.version: '1.8.0_181'
Driver info: driver.version: unknown
Command duration or timeout: 0 milliseconds]]>
            </message>
            <full-stacktrace>
              <![CDATA[org.openqa.selenium.NoSuchElementException: Unable to locate element: {"method":"name","selector":"borrowerFirstName"}
For documentation on this error, please visit: http://seleniumhq.org/exceptions/no_such_element.html
Build info: version: '2.46.0', revision: '87c69e2', time: '2015-06-04 16:16:47'
System info: host: 'mac-207-254-12-163.browserstack.com', ip: '207.254.12.163', os.name: 'Mac OS X', os.arch: 'x86_64', os.version: '10.12.6', java.version: '1.8.0_181'
Driver info: driver.version: unknown
Command duration or timeout: 0 milliseconds
at sun.reflect.NativeConstructorAccessorImpl.newInstance0(Native Method)
at sun.reflect.NativeConstructorAccessorImpl.newInstance(NativeConstructorAccessorImpl.java:62)
at sun.reflect.DelegatingConstructorAccessorImpl.newInstance(DelegatingConstructorAccessorImpl.java:45)
at java.lang.reflect.Constructor.newInstance(Constructor.java:423)
at org.openqa.selenium.remote.ErrorHandler.createThrowable(ErrorHandler.java:214)
at org.openqa.selenium.remote.ErrorHandler.throwIfResponseFailed(ErrorHandler.java:166)
at org.openqa.selenium.remote.http.JsonHttpResponseCodec.reconstructValue(JsonHttpResponseCodec.java:40)
at org.openqa.selenium.remote.http.AbstractHttpResponseCodec.decode(AbstractHttpResponseCodec.java:80)
at org.openqa.selenium.remote.http.AbstractHttpResponseCodec.decode(AbstractHttpResponseCodec.java:44)
at org.openqa.selenium.remote.HttpCommandExecutor.execute(HttpCommandExecutor.java:158)
at org.openqa.selenium.remote.RemoteWebDriver.execute(RemoteWebDriver.java:552)
at org.openqa.selenium.remote.RemoteWebDriver.findElement(RemoteWebDriver.java:323)
at org.openqa.selenium.remote.RemoteWebDriver.findElementByName(RemoteWebDriver.java:404)
at org.openqa.selenium.By$ByName.findElement(By.java:284)
at org.openqa.selenium.remote.RemoteWebDriver.findElement(RemoteWebDriver.java:315)
at org.openqa.selenium.support.pagefactory.DefaultElementLocator.findElement(DefaultElementLocator.java:69)
at org.openqa.selenium.support.pagefactory.internal.LocatingElementHandler.invoke(LocatingElementHandler.java:38)
at com.sun.proxy.$Proxy12.clear(Unknown Source)
at com.loans.pages.PersonalInfoForLoanPage.setBorrowerFirstName(PersonalInfoForLoanPage.java:56)
at com.loans.pages.PersonalInfoForLoanPage.fillThePersonalInformationForValidation(PersonalInfoForLoanPage.java:121)
at com.loans.tests.LoanVerificationTest.submitLoanRequestForm(LoanVerificationTest.java:35)
at sun.reflect.NativeMethodAccessorImpl.invoke0(Native Method)
at sun.reflect.NativeMethodAccessorImpl.invoke(NativeMethodAccessorImpl.java:62)
at sun.reflect.DelegatingMethodAccessorImpl.invoke(DelegatingMethodAccessorImpl.java:43)
at java.lang.reflect.Method.invoke(Method.java:498)
at org.testng.internal.MethodInvocationHelper.invokeMethod(MethodInvocationHelper.java:124)
at org.testng.internal.Invoker.invokeMethod(Invoker.java:583)
at org.testng.internal.Invoker.invokeTestMethod(Invoker.java:719)
at org.testng.internal.Invoker.invokeTestMethods(Invoker.java:989)
at org.testng.internal.TestMethodWorker.invokeTestMethods(TestMethodWorker.java:125)
at org.testng.internal.TestMethodWorker.run(TestMethodWorker.java:109)
at org.testng.TestRunner.privateRun(TestRunner.java:648)
at org.testng.TestRunner.run(TestRunner.java:505)
at org.testng.SuiteRunner.runTest(SuiteRunner.java:455)
at org.testng.SuiteRunner.runSequentially(SuiteRunner.java:450)
at org.testng.SuiteRunner.privateRun(SuiteRunner.java:415)
at org.testng.SuiteRunner.run(SuiteRunner.java:364)
at org.testng.SuiteRunnerWorker.runSuite(SuiteRunnerWorker.java:52)
at org.testng.SuiteRunnerWorker.run(SuiteRunnerWorker.java:84)
at org.testng.TestNG.runSuitesSequentially(TestNG.java:1208)
at org.testng.TestNG.runSuitesLocally(TestNG.java:1137)
at org.testng.TestNG.runSuites(TestNG.java:1049)
at org.testng.TestNG.run(TestNG.java:1017)
at org.apache.maven.surefire.testng.TestNGExecutor.run(TestNGExecutor.java:283)
at org.apache.maven.surefire.testng.TestNGXmlTestSuite.execute(TestNGXmlTestSuite.java:75)
at org.apache.maven.surefire.testng.TestNGProvider.invoke(TestNGProvider.java:120)
at org.apache.maven.surefire.booter.ForkedBooter.invokeProviderInSameClassLoader(ForkedBooter.java:379)
at org.apache.maven.surefire.booter.ForkedBooter.runSuitesInProcess(ForkedBooter.java:340)
at org.apache.maven.surefire.booter.ForkedBooter.execute(ForkedBooter.java:125)
at org.apache.maven.surefire.booter.ForkedBooter.main(ForkedBooter.java:413)
Caused by: org.openqa.selenium.NoSuchElementException: Unable to locate element: {"method":"name","selector":"borrowerFirstName"}
For documentation on this error, please visit: http://seleniumhq.org/exceptions/no_such_element.html
Build info: version: '2.46.0', revision: '87c69e2', time: '2015-06-04 16:16:47'
System info: host: 'mac-207-254-12-163.browserstack.com', ip: '207.254.12.163', os.name: 'Mac OS X', os.arch: 'x86_64', os.version: '10.12.6', java.version: '1.8.0_181'
Driver info: driver.version: unknown
For documentation on this error, please visit: http://seleniumhq.org/exceptions/no_such_element.html
Build info: version: '3.141.0', revision: '2ecb7d9a', time: '2018-10-31T20:09:30'
System info: host: 'DESKTOP-B6S492D', ip: '192.168.0.176', os.name: 'Windows 10', os.arch: 'amd64', os.version: '10.0', java.version: '1.8.0_201'
Driver info: driver.version: unknown
at <anonymous class>.FirefoxDriver.prototype.findElementInternal_(file:///var/folders/3y/zz_w6_s56sl__vcrf3r5bhzr0000hr/T/anonymous4784475923113754712webdriver-profile/extensions/fxdriver@googlecode.com/components/driver-component.js:10299)
at <anonymous class>.fxdriver.Timer.prototype.setTimeout/<.notify(file:///var/folders/3y/zz_w6_s56sl__vcrf3r5bhzr0000hr/T/anonymous4784475923113754712webdriver-profile/extensions/fxdriver@googlecode.com/components/driver-component.js:603)
]]>
            </full-stacktrace>
          </exception> <!-- org.openqa.selenium.NoSuchElementException -->
          <reporter-output>
          </reporter-output>
        </test-method> <!-- submitLoanRequestForm -->
        <test-method status="PASS" signature="beforeMethodInLoanLandingPageTest()[pri:0, instance:com.loans.tests.LoanVerificationTest@7364985f]" name="beforeMethodInLoanLandingPageTest" is-config="true" duration-ms="0" started-at="2019-03-26T17:10:00Z" finished-at="2019-03-26T17:10:00Z">
          <reporter-output>
          </reporter-output>
        </test-method> <!-- beforeMethodInLoanLandingPageTest -->
        <test-method status="PASS" signature="testCase3()[pri:0, instance:com.loans.tests.LoanVerificationTest@7364985f]" name="testCase3" duration-ms="0" started-at="2019-03-26T17:10:00Z" finished-at="2019-03-26T17:10:00Z">
          <reporter-output>
          </reporter-output>
        </test-method> <!-- testCase3 -->
        <test-method status="PASS" signature="beforeMethodInLoanLandingPageTest()[pri:0, instance:com.loans.tests.LoanVerificationTest@7364985f]" name="beforeMethodInLoanLandingPageTest" is-config="true" duration-ms="0" started-at="2019-03-26T17:10:00Z" finished-at="2019-03-26T17:10:00Z">
          <reporter-output>
          </reporter-output>
        </test-method> <!-- beforeMethodInLoanLandingPageTest -->
        <test-method status="PASS" signature="testCase2()[pri:0, instance:com.loans.tests.LoanVerificationTest@7364985f]" name="testCase2" duration-ms="0" started-at="2019-03-26T17:10:00Z" finished-at="2019-03-26T17:10:00Z">
          <reporter-output>
          </reporter-output>
        </test-method> <!-- testCase2 -->
        <test-method status="PASS" signature="tearDownInParent()[pri:0, instance:com.loans.tests.LoanVerificationTest@7364985f]" name="tearDownInParent" is-config="true" duration-ms="203" started-at="2019-03-26T17:10:00Z" finished-at="2019-03-26T17:10:00Z">
          <reporter-output>
          </reporter-output>
        </test-method> <!-- tearDownInParent -->
      </class> <!-- com.loans.tests.LoanVerificationTest -->
    </test> <!-- Test -->
  </suite> <!-- Suite -->
</testng-results>
